WARNING:root:STARTED at 2014-09-28 12:49:28.353879
WARNING:dupeslog:#DUPES LOG STARTED at 2014-09-28 12:49:28.354287
INFO:root:[296913] ignoring extra 1 elements for bibid 302435, line is '302435	3615963 9860311'
INFO:root:[320133] ignoring extra 1 elements for bibid 326096, line is '326096	1596391 7516761'
INFO:root:[340613] ignoring extra 2 elements for bibid 347062, line is '347062	5987342 11012301 26201498'
INFO:root:[341829] ignoring extra 1 elements for bibid 348296, line is '348296	2256554 191823195'
INFO:root:[358323] ignoring extra 2 elements for bibid 364960, line is '364960	1569205 1587810 1777077'
INFO:root:[373605] ignoring extra 1 elements for bibid 380376, line is '380376	227325128 227337202'
INFO:root:[377558] ignoring extra 1 elements for bibid 384390, line is '384390	15041175 26441583'
INFO:root:[379038] ignoring extra 1 elements for bibid 385889, line is '385889	1695867 3522064'
INFO:root:[380041] ignoring extra 1 elements for bibid 386905, line is '386905	5277147 10842484'
INFO:root:[381001] ignoring extra 1 elements for bibid 387886, line is '387886	2065857 2252768'
INFO:root:[384913] ignoring extra 1 elements for bibid 391863, line is '391863	3960324 9940503'
INFO:root:[390178] ignoring extra 1 elements for bibid 397203, line is '397203	7009607 27247169'
INFO:root:[392131] ignoring extra 1 elements for bibid 399183, line is '399183	12947469 13736229'
INFO:root:[478030] ignoring extra 1 elements for bibid 487086, line is '487086	2335970 4568525'
INFO:root:[1104026] ignoring extra 1 elements for bibid 1130880, line is '1130880	43549433 213342144'
INFO:root:[1104332] ignoring extra 1 elements for bibid 1131189, line is '1131189	23470179 28357406'
INFO:root:[1105245] ignoring extra 1 elements for bibid 1132105, line is '1132105	2259917 2443629'
INFO:root:[1115757] ignoring extra 1 elements for bibid 1142707, line is '1142707	1749790 15750202'
INFO:root:[1116833] ignoring extra 1 elements for bibid 1143789, line is '1143789	3880753 6157353'
INFO:root:[1133603] ignoring extra 1 elements for bibid 1160740, line is '1160740	32436989 32642459'
INFO:root:[1156653] ignoring extra 1 elements for bibid 1184070, line is '1184070	18023844 18043989'
INFO:root:[1157087] ignoring extra 1 elements for bibid 1184509, line is '1184509	9402990 18885878'
INFO:root:[1157385] ignoring extra 1 elements for bibid 1184814, line is '1184814	220299426 223334157'
INFO:root:[1158703] ignoring extra 1 elements for bibid 1186146, line is '1186146	530213 51626787'
INFO:root:[1158721] ignoring extra 1 elements for bibid 1186164, line is '1186164	3615152 12403860'
INFO:root:[1162689] ignoring extra 1 elements for bibid 1190183, line is '1190183	47759348 48926132'
INFO:root:[1163122] ignoring extra 1 elements for bibid 1190624, line is '1190624	1753248 16722625'
INFO:root:[1202290] ignoring extra 1 elements for bibid 1230816, line is '1230816	13686558 13804046'
INFO:root:[1234815] ignoring extra 1 elements for bibid 1263762, line is '1263762	56123485 56123699'
INFO:root:[1255040] ignoring extra 2 elements for bibid 1284289, line is '1284289	12635028 35054932 35055028'
INFO:root:[1258535] ignoring extra 5 elements for bibid 1287991, line is '1287991	35252024 35253320 35253726 35254133 35254236 48711693'
INFO:root:[1258850] ignoring extra 2 elements for bibid 1288333, line is '1288333	3565041 4335054 4626282'
INFO:root:[1258894] ignoring extra 2 elements for bibid 1288380, line is '1288380	1716548 10667933 32283359'
INFO:root:[1258947] ignoring extra 2 elements for bibid 1288433, line is '1288433	30864556 32456981 51279897'
INFO:root:[1267179] ignoring extra 1 elements for bibid 1296874, line is '1296874	72828053 72828056'
INFO:root:[1293007] ignoring extra 2 elements for bibid 1322964, line is '1322964	14163981 15153126 41569904'
INFO:root:[1293877] ignoring extra 1 elements for bibid 1323872, line is '1323872	173725847 181644054'
INFO:root:[1296462] ignoring extra 1 elements for bibid 1326554, line is '1326554	5276869 243879247'
INFO:root:[1303542] ignoring extra 1 elements for bibid 1333778, line is '1333778	18539138 18539489'
INFO:root:[1303809] ignoring extra 1 elements for bibid 1334052, line is '1334052	8129637 14102316'
INFO:root:[1304181] ignoring extra 1 elements for bibid 1334427, line is '1334427	14519974 14770991'
INFO:root:[1305775] ignoring extra 1 elements for bibid 1336138, line is '1336138	27031992 269246668'
INFO:root:[1305815] ignoring extra 1 elements for bibid 1336180, line is '1336180	7719881 18032530'
INFO:root:[1325516] ignoring extra 1 elements for bibid 1356371, line is '1356371	139437 803148'
INFO:root:[1334116] ignoring extra 1 elements for bibid 1365374, line is '1365374	4978991 5756690'
INFO:root:[1334697] ignoring extra 1 elements for bibid 1366022, line is '1366022	17401410 24045159'
INFO:root:[1335045] ignoring extra 2 elements for bibid 1366402, line is '1366402	6536286 106206680 106337290'
INFO:root:[1335531] ignoring extra 1 elements for bibid 1366914, line is '1366914	1113797 63915918'
INFO:root:[1518073] ignoring extra 1 elements for bibid 1554600, line is '1554600	21242390 182850136'
INFO:root:[1534732] ignoring extra 2 elements for bibid 1571594, line is '1571594	451134 3417556 4112286'
INFO:root:[1609058] ignoring extra 1 elements for bibid 1647164, line is '1647164	19659725 41585562'
INFO:root:[1633606] ignoring extra 1 elements for bibid 1672127, line is '1672127	225142987 225865141'
INFO:root:[1672824] ignoring extra 1 elements for bibid 1712653, line is '1712653	1413813 7660546'
INFO:root:[1752188] ignoring extra 1 elements for bibid 1794445, line is '1794445	21697997 39865304'
INFO:root:[1843274] ignoring extra 1 elements for bibid 1887805, line is '1887805	10508732 10508880'
INFO:root:[1843306] ignoring extra 1 elements for bibid 1887837, line is '1887837	49480012 263592481'
INFO:root:[1843330] ignoring extra 1 elements for bibid 1887861, line is '1887861	43923614 45810527'
INFO:root:[1843343] ignoring extra 2 elements for bibid 1887874, line is '1887874	1481239 72774306 231112082'
INFO:root:[1843368] ignoring extra 1 elements for bibid 1887899, line is '1887899	2921239 32845484'
INFO:root:[1843388] ignoring extra 1 elements for bibid 1887920, line is '1887920	24292438 35291243'
INFO:root:[1843413] ignoring extra 1 elements for bibid 1887945, line is '1887945	10563459 11640630'
INFO:root:[1843628] ignoring extra 1 elements for bibid 1888163, line is '1888163	1480695 8264824'
INFO:root:[1843790] ignoring extra 1 elements for bibid 1888325, line is '1888325	7149779 82190278'
INFO:root:[1843852] ignoring extra 3 elements for bibid 1888387, line is '1888387	10354106 10357168 12882525 44047944'
INFO:root:[1843853] ignoring extra 1 elements for bibid 1888388, line is '1888388	2973988 183418211'
INFO:root:[1843898] ignoring extra 2 elements for bibid 1888433, line is '1888433	6520771 9420996 24876065'
INFO:root:[1844126] ignoring extra 1 elements for bibid 1888663, line is '1888663	33095898 43926318'
INFO:root:[1844160] ignoring extra 1 elements for bibid 1888698, line is '1888698	1518459 4122706'
INFO:root:[1844190] ignoring extra 2 elements for bibid 1888729, line is '1888729	1537585 1638874 1778645'
INFO:root:[1844198] ignoring extra 3 elements for bibid 1888738, line is '1888738	43464535 43465206 43465289 212622639'
INFO:root:[1844375] ignoring extra 3 elements for bibid 1888918, line is '1888918	5628181 6178275 21636511 42657453'
INFO:root:[1844385] ignoring extra 1 elements for bibid 1888928, line is '1888928	44043226 44043419'
INFO:root:[1844457] ignoring extra 3 elements for bibid 1889002, line is '1889002	5055881 5055902 43959751 45783452'
INFO:root:[1844531] ignoring extra 1 elements for bibid 1889076, line is '1889076	30522764 30522873'
INFO:root:[1844815] ignoring extra 1 elements for bibid 1889363, line is '1889363	2138624 3700887'
INFO:root:[1844819] ignoring extra 1 elements for bibid 1889367, line is '1889367	7352414 7352436'
INFO:root:[1844862] ignoring extra 3 elements for bibid 1889411, line is '1889411	20676212 20676257 20676284 34131190'
INFO:root:[1845082] ignoring extra 1 elements for bibid 1889634, line is '1889634	14870090 14870098'
INFO:root:[1845220] ignoring extra 1 elements for bibid 1889772, line is '1889772	1049650 49052295'
INFO:root:[1845299] ignoring extra 1 elements for bibid 1889851, line is '1889851	2949491 16895015'
INFO:root:[1845634] ignoring extra 2 elements for bibid 1890191, line is '1890191	6459816 6528560 20655261'
INFO:root:[1845653] ignoring extra 1 elements for bibid 1890210, line is '1890210	13831147 13831228'
INFO:root:[1845734] ignoring extra 1 elements for bibid 1890291, line is '1890291	12714466 12714491'
INFO:root:[1845807] ignoring extra 1 elements for bibid 1890365, line is '1890365	173354651 173375640'
INFO:root:[1845972] ignoring extra 1 elements for bibid 1890532, line is '1890532	2446677 9121961'
INFO:root:[1845989] ignoring extra 1 elements for bibid 1890549, line is '1890549	1673594 43752700'
INFO:root:[1846344] ignoring extra 1 elements for bibid 1890908, line is '1890908	14973543 14973567'
INFO:root:[1846365] ignoring extra 1 elements for bibid 1890929, line is '1890929	256895 4336118'
INFO:root:[1846400] ignoring extra 1 elements for bibid 1890965, line is '1890965	7881894 8567030'
INFO:root:[1846440] ignoring extra 2 elements for bibid 1891006, line is '1891006	1387403 8331021 11040152'
INFO:root:[1846451] ignoring extra 1 elements for bibid 1891017, line is '1891017	1570401 8324385'
INFO:root:[1846463] ignoring extra 1 elements for bibid 1891029, line is '1891029	3365673 235962041'
INFO:root:[1846773] ignoring extra 1 elements for bibid 1891346, line is '1891346	1565047 10594296'
INFO:root:[1846788] ignoring extra 1 elements for bibid 1891361, line is '1891361	19470023 44062842'
INFO:root:[1846790] ignoring extra 1 elements for bibid 1891363, line is '1891363	3335800 44062798'
INFO:root:[1846820] ignoring extra 2 elements for bibid 1891393, line is '1891393	1431435 10007242 10035587'
INFO:root:[1846848] ignoring extra 1 elements for bibid 1891422, line is '1891422	5001910 5001927'
INFO:root:[1847028] ignoring extra 1 elements for bibid 1891604, line is '1891604	72916519 72922783'
INFO:root:[1847175] ignoring extra 1 elements for bibid 1891757, line is '1891757	84003662 312087369'
INFO:root:[1847572] ignoring extra 1 elements for bibid 1892156, line is '1892156	5033093 18298574'
INFO:root:[1847615] ignoring extra 1 elements for bibid 1892199, line is '1892199	5267575 10983555'
INFO:root:[1847630] ignoring extra 2 elements for bibid 1892214, line is '1892214	23057192 24220305 270776581'
INFO:root:[1847645] ignoring extra 2 elements for bibid 1892229, line is '1892229	5467202 36908414 237795168'
INFO:root:[1847712] ignoring extra 1 elements for bibid 1892296, line is '1892296	9661696 186563742'
INFO:root:[1847763] ignoring extra 1 elements for bibid 1892347, line is '1892347	1716436 17652016'
INFO:root:[1847864] ignoring extra 1 elements for bibid 1892448, line is '1892448	4187779 4671341'
INFO:root:[1848066] ignoring extra 3 elements for bibid 1892651, line is '1892651	10740786 10740858 32586693 32586699'
INFO:root:[1848713] ignoring extra 1 elements for bibid 1893308, line is '1893308	7266447 7270244'
INFO:root:[1849280] ignoring extra 1 elements for bibid 1893879, line is '1893879	11507983 11507992'
INFO:root:[1849592] ignoring extra 1 elements for bibid 1894194, line is '1894194	6927620 10706679'
INFO:root:[1849625] ignoring extra 1 elements for bibid 1894227, line is '1894227	16328464 23153967'
INFO:root:[1849633] ignoring extra 1 elements for bibid 1894235, line is '1894235	5417657 49700433'
INFO:root:[1849694] ignoring extra 2 elements for bibid 1894297, line is '1894297	9679497 9679922 9680110'
INFO:root:[1849712] ignoring extra 3 elements for bibid 1894317, line is '1894317	59002922 59003663 59003880 59004146'
INFO:root:[1850068] ignoring extra 1 elements for bibid 1894678, line is '1894678	12562548 12562592'
INFO:root:[1850180] ignoring extra 2 elements for bibid 1894790, line is '1894790	213747628 213782856 213810625'
INFO:root:[1850199] ignoring extra 1 elements for bibid 1894809, line is '1894809	30628340 124011801'
INFO:root:[1850200] ignoring extra 1 elements for bibid 1894810, line is '1894810	30628340 124011801'
INFO:root:[1850238] ignoring extra 1 elements for bibid 1894848, line is '1894848	5773632 243937946'
INFO:root:[1850253] ignoring extra 2 elements for bibid 1894863, line is '1894863	5416749 5755429 67882224'
INFO:root:[1850255] ignoring extra 1 elements for bibid 1894865, line is '1894865	183419391 312446619'
INFO:root:[1850277] ignoring extra 1 elements for bibid 1894887, line is '1894887	173382725 220047416'
INFO:root:[1850285] ignoring extra 1 elements for bibid 1894896, line is '1894896	1166263 173342503'
INFO:root:[1850305] ignoring extra 3 elements for bibid 1894916, line is '1894916	1716038 13674085 32560474 213809983'
INFO:root:[1850310] ignoring extra 2 elements for bibid 1894921, line is '1894921	7153804 12927109 176011821'
INFO:root:[1850372] ignoring extra 1 elements for bibid 1894984, line is '1894984	11432242 16415794'
INFO:root:[1851221] ignoring extra 1 elements for bibid 1895840, line is '1895840	24788387 24788430'
INFO:root:[1851290] ignoring extra 2 elements for bibid 1895911, line is '1895911	245547629 245548221 245551933'
INFO:root:[1851314] ignoring extra 2 elements for bibid 1895935, line is '1895935	11395071 20850782 191223010'
INFO:root:[1851420] ignoring extra 1 elements for bibid 1896041, line is '1896041	72781858 220948838'
INFO:root:[1851518] ignoring extra 1 elements for bibid 1896141, line is '1896141	34106072 316063172'
INFO:root:[1852318] ignoring extra 1 elements for bibid 1896948, line is '1896948	5218420 5255081'
INFO:root:[1852480] ignoring extra 1 elements for bibid 1897111, line is '1897111	3057382 223242626'
INFO:root:[1852530] ignoring extra 1 elements for bibid 1897162, line is '1897162	55086698 55086699'
INFO:root:[1852704] ignoring extra 1 elements for bibid 1897336, line is '1897336	1799222 145348624'
INFO:root:[1853227] ignoring extra 2 elements for bibid 1897861, line is '1897861	34267702 34267969 34268069'
INFO:root:[1853257] ignoring extra 1 elements for bibid 1897891, line is '1897891	1786912 9603370'
INFO:root:[1853281] ignoring extra 1 elements for bibid 1897915, line is '1897915	1589070 4162168'
INFO:root:[1853388] ignoring extra 1 elements for bibid 1898022, line is '1898022	42347932 43639882'
INFO:root:[1853396] ignoring extra 2 elements for bibid 1898031, line is '1898031	8840357 32631847 32631856'
INFO:root:[1853458] ignoring extra 1 elements for bibid 1898093, line is '1898093	234128957 317251911'
INFO:root:[1853459] ignoring extra 1 elements for bibid 1898094, line is '1898094	234128957 317287445'
INFO:root:[1853461] ignoring extra 1 elements for bibid 1898096, line is '1898096	234128957 317286140'
INFO:root:[1853471] ignoring extra 1 elements for bibid 1898106, line is '1898106	1765341 269255376'
INFO:root:[1853480] ignoring extra 2 elements for bibid 1898115, line is '1898115	185445975 185594981 185635115'
INFO:root:[1853498] ignoring extra 1 elements for bibid 1898133, line is '1898133	43937883 84799642'
INFO:root:[1853499] ignoring extra 1 elements for bibid 1898134, line is '1898134	189864761 189864850'
INFO:root:[1854432] ignoring extra 2 elements for bibid 1899079, line is '1899079	40212331 48839001 269191120'
INFO:root:[1854439] ignoring extra 2 elements for bibid 1899086, line is '1899086	20906175 29940569 31317330'
INFO:root:[1854774] ignoring extra 1 elements for bibid 1899423, line is '1899423	2449283 12309887'
INFO:root:[1855520] ignoring extra 1 elements for bibid 1900173, line is '1900173	13710835 29874271'
INFO:root:[1856237] ignoring extra 1 elements for bibid 1900896, line is '1900896	3277671 3280504'
INFO:root:[1856256] ignoring extra 1 elements for bibid 1900915, line is '1900915	3802355 19078876'
INFO:root:[1856262] ignoring extra 2 elements for bibid 1900921, line is '1900921	4690600 4690607 4690617'
INFO:root:[1856290] ignoring extra 1 elements for bibid 1900949, line is '1900949	1768995 2451419'
INFO:root:[1856389] ignoring extra 1 elements for bibid 1901048, line is '1901048	5668262 16417412'
INFO:root:[1856413] ignoring extra 1 elements for bibid 1901072, line is '1901072	5162462 49427096'
INFO:root:[1856458] ignoring extra 1 elements for bibid 1901118, line is '1901118	1715356 220253783'
INFO:root:[1856762] ignoring extra 1 elements for bibid 1901426, line is '1901426	16000251 29870868'
INFO:root:[1857632] ignoring extra 1 elements for bibid 1902307, line is '1902307	1760066 7527228'
INFO:root:[1917538] ignoring extra 5 elements for bibid 1963271, line is '1963271	4093160 6027501 6027568 7619943 7619979 7620050'
INFO:root:[2137248] ignoring extra 1 elements for bibid 2186030, line is '2186030	20187725 20243489'
INFO:root:[2400124] ignoring extra 1 elements for bibid 2454453, line is '2454453	16249875 16250241'
INFO:root:[2489544] ignoring extra 1 elements for bibid 2545327, line is '2545327	11720226 12231943'
INFO:root:[2602096] ignoring extra 1 elements for bibid 2659265, line is '2659265	17738303 49768246'
INFO:root:[2639175] ignoring extra 2 elements for bibid 2697244, line is '2697244	34317069 34317101 36505774'
INFO:root:[2982689] ignoring extra 1 elements for bibid 3046652, line is '3046652	36446714 39152658'
INFO:root:[3785335] ignoring extra 1 elements for bibid 3885932, line is '3885932	44101950 44174236'
INFO:root:[3808573] ignoring extra 1 elements for bibid 3921230, line is '3921230	14355280 26969403'
INFO:root:[4005865] ignoring extra 1 elements for bibid 4237743, line is '4237743	52319134 123377687'
INFO:root:[4027970] ignoring extra 1 elements for bibid 4266016, line is '4266016	40813468 41338922'
INFO:root:[4031512] ignoring extra 1 elements for bibid 4271446, line is '4271446	39528550 49381685'
INFO:root:[4044090] ignoring extra 1 elements for bibid 4292077, line is '4292077	37861036 41250388'
INFO:root:[4059705] ignoring extra 1 elements for bibid 4315811, line is '4315811	48154251 49556651'
INFO:root:[4127146] ignoring extra 1 elements for bibid 4442751, line is '4442751	46421809 47901143'
INFO:root:[4179769] ignoring extra 1 elements for bibid 4520514, line is '4520514	40609394 45019220'
INFO:root:[4198551] ignoring extra 1 elements for bibid 4541549, line is '4541549	50645592 50746682'
INFO:root:[4383615] ignoring extra 1 elements for bibid 4870635, line is '4870635	36782944 53449991'
INFO:root:[4400782] ignoring extra 1 elements for bibid 4890464, line is '4890464	2933509 48545663'
INFO:root:[4413430] ignoring extra 1 elements for bibid 4903429, line is '4903429	49556438 51586551'
INFO:root:[4472882] ignoring extra 1 elements for bibid 4996143, line is '4996143	50421127 52902681'
INFO:root:[4482384] ignoring extra 1 elements for bibid 5009632, line is '5009632	53397645 795579150'
INFO:root:[4519521] ignoring extra 1 elements for bibid 5065525, line is '5065525	53356977 54076913'
INFO:root:[4590168] ignoring extra 1 elements for bibid 5163163, line is '5163163	56821257 57209406'
INFO:root:[4782624] ignoring extra 1 elements for bibid 5375411, line is '5375411	1716542 45401601'
INFO:root:[4806270] ignoring extra 1 elements for bibid 5417679, line is '5417679	60788713 179311451'
INFO:root:[4814921] ignoring extra 1 elements for bibid 5429835, line is '5429835	2476685 223508658'
INFO:root:[4818308] ignoring extra 1 elements for bibid 5433635, line is '5433635	2114989 6188725'
INFO:root:[4871217] ignoring extra 1 elements for bibid 5491708, line is '5491708	46809199 47057332'
INFO:root:[5007504] ignoring extra 1 elements for bibid 5647861, line is '5647861	53377869 311616098'
INFO:root:[5056452] ignoring extra 1 elements for bibid 5724860, line is '5724860	58654362 60684739'
INFO:root:[5231267] ignoring extra 1 elements for bibid 6010753, line is '6010753	53312145 85335135'
INFO:root:[5245930] ignoring extra 1 elements for bibid 6030079, line is '6030079	65203172 70635763'
INFO:root:[5252173] ignoring extra 1 elements for bibid 6038575, line is '6038575	61369304 65430216'
INFO:root:[5291327] ignoring extra 1 elements for bibid 6097857, line is '6097857	56814791 59557055'
INFO:root:[5338497] ignoring extra 1 elements for bibid 6188915, line is '6188915	59433117 154663116'
INFO:root:[5361964] ignoring extra 1 elements for bibid 6231765, line is '6231765	180156101 188148110'
INFO:root:[5366867] ignoring extra 1 elements for bibid 6245558, line is '6245558	6254687 86011337'
INFO:root:[5377131] ignoring extra 1 elements for bibid 6258174, line is '6258174	37898022 85792655'
INFO:root:[5385663] ignoring extra 1 elements for bibid 6272120, line is '6272120	191907412 229920968'
INFO:root:[5389612] ignoring extra 1 elements for bibid 6278788, line is '6278788	148690579 228073738'
INFO:root:[5403912] ignoring extra 1 elements for bibid 6300108, line is '6300108	94168836 232536798'
INFO:root:[5414515] ignoring extra 1 elements for bibid 6321052, line is '6321052	220328999 300027192'
INFO:root:[5415635] ignoring extra 1 elements for bibid 6322630, line is '6322630	61345245 174091777'
INFO:root:[5426038] ignoring extra 1 elements for bibid 6344100, line is '6344100	172980373 174138981'
INFO:root:[5467846] ignoring extra 1 elements for bibid 6401416, line is '6401416	42739493 71499230'
INFO:root:[5707210] ignoring extra 1 elements for bibid 6812318, line is '6812318	299151080 373479723'
INFO:root:[5762520] ignoring extra 1 elements for bibid 6932026, line is '6932026	71542612 606216045'
INFO:root:[5768066] ignoring extra 1 elements for bibid 6943569, line is '6943569	613221217 639996131'
INFO:root:[5779186] ignoring extra 1 elements for bibid 6959491, line is '6959491	624401138 639156628'
INFO:root:[5780356] ignoring extra 1 elements for bibid 6961790, line is '6961790	11388728 316802821'
INFO:root:[5835581] ignoring extra 1 elements for bibid 7057767, line is '7057767	457164441 680069633'
INFO:root:[5898404] ignoring extra 1 elements for bibid 7182197, line is '7182197	706464206 754106507'
INFO:root:[5903293] ignoring extra 1 elements for bibid 7189872, line is '7189872	464589012 729355344'
INFO:root:[5907041] ignoring extra 1 elements for bibid 7194941, line is '7194941	705931883 746320777'
INFO:root:[5946581] ignoring extra 1 elements for bibid 7251766, line is '7251766	47794344 729552629'
INFO:root:[5954764] ignoring extra 1 elements for bibid 7265411, line is '7265411	739448352 772714929'
INFO:root:[6093059] ignoring extra 1 elements for bibid 7510892, line is '7510892	756352631 759209739'
INFO:root:[6154505] ignoring extra 1 elements for bibid 7612620, line is '7612620	770868751 781159115'
INFO:root:[6232117] ignoring extra 1 elements for bibid 7713005, line is '7713005	777445053 780498918'
INFO:root:[6234903] ignoring extra 1 elements for bibid 7716626, line is '7716626	794032291 843913968'
INFO:root:[6267862] ignoring extra 1 elements for bibid 7773445, line is '7773445	1775621 269012765'
INFO:root:[6319181] ignoring extra 1 elements for bibid 7902797, line is '7902797	818466956 822889420'
INFO:root:[6348157] ignoring extra 1 elements for bibid 7949489, line is '7949489	23219210 60140240'
INFO:root:[6502114] ignoring extra 1 elements for bibid 8163103, line is '8163103	12209851 12830865'
INFO:root:[6502851] ignoring extra 1 elements for bibid 8175925, line is '8175925	8605624 12129017'
INFO:root:[6503227] ignoring extra 1 elements for bibid 8176972, line is '8176972	12307461 12632458'
INFO:root:[6503600] ignoring extra 1 elements for bibid 8177852, line is '8177852	12256269 15621948'
INFO:root:[6539077] ignoring extra 1 elements for bibid 8225691, line is '8225691	812258921 834742699'
INFO:root:[6556851] ignoring extra 1 elements for bibid 8257522, line is '8257522	62755323 234199732'
INFO:root:[6579808] ignoring extra 1 elements for bibid 8297021, line is '8297021	55199038 690071296'
INFO:root:[6655042] ignoring extra 1 elements for bibid 8402674, line is '8402674	69593326 181712460'
INFO:root:[6692176] ignoring extra 1 elements for bibid 8455886, line is '8455886	878024621 879794231'
WARNING:root:read 6825070 lines from cul/bibid_to_oclcnums.dat.gz
WARNING:root:Have 6773485 bibid to oclcnum mappings
WARNING:root:read 1000000 lines from oclcnum_workid_concordance.txt.gz....
WARNING:root:read 2000000 lines from oclcnum_workid_concordance.txt.gz....
WARNING:root:read 3000000 lines from oclcnum_workid_concordance.txt.gz....
WARNING:root:read 4000000 lines from oclcnum_workid_concordance.txt.gz....
WARNING:root:read 5000000 lines from oclcnum_workid_concordance.txt.gz....
WARNING:root:read 6000000 lines from oclcnum_workid_concordance.txt.gz....
WARNING:root:read 7000000 lines from oclcnum_workid_concordance.txt.gz....
WARNING:root:read 8000000 lines from oclcnum_workid_concordance.txt.gz....
WARNING:root:read 9000000 lines from oclcnum_workid_concordance.txt.gz....
WARNING:root:read 10000000 lines from oclcnum_workid_concordance.txt.gz....
WARNING:root:read 11000000 lines from oclcnum_workid_concordance.txt.gz....
WARNING:root:read 12000000 lines from oclcnum_workid_concordance.txt.gz....
WARNING:root:read 13000000 lines from oclcnum_workid_concordance.txt.gz....
WARNING:root:read 14000000 lines from oclcnum_workid_concordance.txt.gz....
WARNING:root:read 15000000 lines from oclcnum_workid_concordance.txt.gz....
WARNING:root:read 16000000 lines from oclcnum_workid_concordance.txt.gz....
WARNING:root:read 17000000 lines from oclcnum_workid_concordance.txt.gz....
WARNING:root:read 18000000 lines from oclcnum_workid_concordance.txt.gz....
WARNING:root:read 19000000 lines from oclcnum_workid_concordance.txt.gz....
WARNING:root:read 20000000 lines from oclcnum_workid_concordance.txt.gz....
WARNING:root:read 21000000 lines from oclcnum_workid_concordance.txt.gz....
WARNING:root:read 22000000 lines from oclcnum_workid_concordance.txt.gz....
WARNING:root:read 23000000 lines from oclcnum_workid_concordance.txt.gz....
WARNING:root:read 24000000 lines from oclcnum_workid_concordance.txt.gz....
WARNING:root:read 25000000 lines from oclcnum_workid_concordance.txt.gz....
WARNING:root:read 26000000 lines from oclcnum_workid_concordance.txt.gz....
WARNING:root:read 27000000 lines from oclcnum_workid_concordance.txt.gz....
WARNING:root:read 28000000 lines from oclcnum_workid_concordance.txt.gz....
WARNING:root:read 29000000 lines from oclcnum_workid_concordance.txt.gz....
WARNING:root:read 30000000 lines from oclcnum_workid_concordance.txt.gz....
WARNING:root:read 31000000 lines from oclcnum_workid_concordance.txt.gz....
WARNING:root:read 32000000 lines from oclcnum_workid_concordance.txt.gz....
WARNING:root:read 33000000 lines from oclcnum_workid_concordance.txt.gz....
WARNING:root:read 34000000 lines from oclcnum_workid_concordance.txt.gz....
WARNING:root:read 35000000 lines from oclcnum_workid_concordance.txt.gz....
WARNING:root:read 36000000 lines from oclcnum_workid_concordance.txt.gz....
WARNING:root:read 37000000 lines from oclcnum_workid_concordance.txt.gz....
WARNING:root:read 38000000 lines from oclcnum_workid_concordance.txt.gz....
WARNING:root:read 39000000 lines from oclcnum_workid_concordance.txt.gz....
WARNING:root:read 40000000 lines from oclcnum_workid_concordance.txt.gz....
WARNING:root:read 41000000 lines from oclcnum_workid_concordance.txt.gz....
WARNING:root:read 42000000 lines from oclcnum_workid_concordance.txt.gz....
WARNING:root:read 43000000 lines from oclcnum_workid_concordance.txt.gz....
WARNING:root:read 44000000 lines from oclcnum_workid_concordance.txt.gz....
WARNING:root:read 45000000 lines from oclcnum_workid_concordance.txt.gz....
WARNING:root:read 46000000 lines from oclcnum_workid_concordance.txt.gz....
WARNING:root:read 47000000 lines from oclcnum_workid_concordance.txt.gz....
WARNING:root:read 48000000 lines from oclcnum_workid_concordance.txt.gz....
WARNING:root:read 49000000 lines from oclcnum_workid_concordance.txt.gz....
WARNING:root:read 50000000 lines from oclcnum_workid_concordance.txt.gz....
WARNING:root:read 51000000 lines from oclcnum_workid_concordance.txt.gz....
WARNING:root:read 52000000 lines from oclcnum_workid_concordance.txt.gz....
WARNING:root:read 53000000 lines from oclcnum_workid_concordance.txt.gz....
WARNING:root:read 54000000 lines from oclcnum_workid_concordance.txt.gz....
WARNING:root:read 55000000 lines from oclcnum_workid_concordance.txt.gz....
WARNING:root:read 56000000 lines from oclcnum_workid_concordance.txt.gz....
WARNING:root:read 57000000 lines from oclcnum_workid_concordance.txt.gz....
WARNING:root:read 58000000 lines from oclcnum_workid_concordance.txt.gz....
WARNING:root:read 59000000 lines from oclcnum_workid_concordance.txt.gz....
WARNING:root:read 60000000 lines from oclcnum_workid_concordance.txt.gz....
WARNING:root:read 61000000 lines from oclcnum_workid_concordance.txt.gz....
WARNING:root:read 62000000 lines from oclcnum_workid_concordance.txt.gz....
WARNING:root:read 63000000 lines from oclcnum_workid_concordance.txt.gz....
WARNING:root:read 64000000 lines from oclcnum_workid_concordance.txt.gz....
WARNING:root:read 65000000 lines from oclcnum_workid_concordance.txt.gz....
WARNING:root:read 66000000 lines from oclcnum_workid_concordance.txt.gz....
WARNING:root:read 67000000 lines from oclcnum_workid_concordance.txt.gz....
WARNING:root:read 68000000 lines from oclcnum_workid_concordance.txt.gz....
WARNING:root:read 69000000 lines from oclcnum_workid_concordance.txt.gz....
WARNING:root:read 70000000 lines from oclcnum_workid_concordance.txt.gz....
WARNING:root:read 71000000 lines from oclcnum_workid_concordance.txt.gz....
WARNING:root:read 72000000 lines from oclcnum_workid_concordance.txt.gz....
WARNING:root:read 73000000 lines from oclcnum_workid_concordance.txt.gz....
WARNING:root:read 74000000 lines from oclcnum_workid_concordance.txt.gz....
WARNING:root:read 75000000 lines from oclcnum_workid_concordance.txt.gz....
WARNING:root:read 76000000 lines from oclcnum_workid_concordance.txt.gz....
WARNING:root:read 77000000 lines from oclcnum_workid_concordance.txt.gz....
WARNING:root:read 78000000 lines from oclcnum_workid_concordance.txt.gz....
WARNING:root:read 79000000 lines from oclcnum_workid_concordance.txt.gz....
WARNING:root:read 80000000 lines from oclcnum_workid_concordance.txt.gz....
WARNING:root:read 81000000 lines from oclcnum_workid_concordance.txt.gz....
WARNING:root:read 82000000 lines from oclcnum_workid_concordance.txt.gz....
WARNING:root:read 83000000 lines from oclcnum_workid_concordance.txt.gz....
WARNING:root:read 84000000 lines from oclcnum_workid_concordance.txt.gz....
WARNING:root:read 85000000 lines from oclcnum_workid_concordance.txt.gz....
WARNING:root:read 86000000 lines from oclcnum_workid_concordance.txt.gz....
WARNING:root:read 87000000 lines from oclcnum_workid_concordance.txt.gz....
WARNING:root:read 88000000 lines from oclcnum_workid_concordance.txt.gz....
WARNING:root:read 89000000 lines from oclcnum_workid_concordance.txt.gz....
WARNING:root:read 90000000 lines from oclcnum_workid_concordance.txt.gz....
WARNING:root:read 91000000 lines from oclcnum_workid_concordance.txt.gz....
WARNING:root:read 92000000 lines from oclcnum_workid_concordance.txt.gz....
WARNING:root:read 93000000 lines from oclcnum_workid_concordance.txt.gz....
WARNING:root:read 94000000 lines from oclcnum_workid_concordance.txt.gz....
WARNING:root:read 95000000 lines from oclcnum_workid_concordance.txt.gz....
WARNING:root:read 96000000 lines from oclcnum_workid_concordance.txt.gz....
WARNING:root:read 97000000 lines from oclcnum_workid_concordance.txt.gz....
WARNING:root:read 98000000 lines from oclcnum_workid_concordance.txt.gz....
WARNING:root:read 99000000 lines from oclcnum_workid_concordance.txt.gz....
WARNING:root:read 100000000 lines from oclcnum_workid_concordance.txt.gz....
WARNING:root:read 101000000 lines from oclcnum_workid_concordance.txt.gz....
WARNING:root:read 102000000 lines from oclcnum_workid_concordance.txt.gz....
WARNING:root:read 103000000 lines from oclcnum_workid_concordance.txt.gz....
WARNING:root:read 104000000 lines from oclcnum_workid_concordance.txt.gz....
WARNING:root:read 105000000 lines from oclcnum_workid_concordance.txt.gz....
WARNING:root:read 106000000 lines from oclcnum_workid_concordance.txt.gz....
WARNING:root:read 107000000 lines from oclcnum_workid_concordance.txt.gz....
WARNING:root:read 108000000 lines from oclcnum_workid_concordance.txt.gz....
WARNING:root:read 109000000 lines from oclcnum_workid_concordance.txt.gz....
WARNING:root:read 110000000 lines from oclcnum_workid_concordance.txt.gz....
WARNING:root:read 111000000 lines from oclcnum_workid_concordance.txt.gz....
WARNING:root:read 112000000 lines from oclcnum_workid_concordance.txt.gz....
WARNING:root:read 113000000 lines from oclcnum_workid_concordance.txt.gz....
WARNING:root:read 114000000 lines from oclcnum_workid_concordance.txt.gz....
WARNING:root:read 115000000 lines from oclcnum_workid_concordance.txt.gz....
WARNING:root:read 116000000 lines from oclcnum_workid_concordance.txt.gz....
WARNING:root:read 117000000 lines from oclcnum_workid_concordance.txt.gz....
WARNING:root:read 118000000 lines from oclcnum_workid_concordance.txt.gz....
WARNING:root:read 119000000 lines from oclcnum_workid_concordance.txt.gz....
WARNING:root:read 120000000 lines from oclcnum_workid_concordance.txt.gz....
WARNING:root:read 121000000 lines from oclcnum_workid_concordance.txt.gz....
WARNING:root:read 122000000 lines from oclcnum_workid_concordance.txt.gz....
WARNING:root:read 123000000 lines from oclcnum_workid_concordance.txt.gz....
WARNING:root:read 124000000 lines from oclcnum_workid_concordance.txt.gz....
WARNING:root:read 125000000 lines from oclcnum_workid_concordance.txt.gz....
WARNING:root:read 126000000 lines from oclcnum_workid_concordance.txt.gz....
WARNING:root:read 127000000 lines from oclcnum_workid_concordance.txt.gz....
WARNING:root:read 128000000 lines from oclcnum_workid_concordance.txt.gz....
WARNING:root:read 129000000 lines from oclcnum_workid_concordance.txt.gz....
WARNING:root:read 130000000 lines from oclcnum_workid_concordance.txt.gz....
WARNING:root:read 131000000 lines from oclcnum_workid_concordance.txt.gz....
WARNING:root:read 132000000 lines from oclcnum_workid_concordance.txt.gz....
WARNING:root:read 133000000 lines from oclcnum_workid_concordance.txt.gz....
WARNING:root:read 134000000 lines from oclcnum_workid_concordance.txt.gz....
WARNING:root:read 135000000 lines from oclcnum_workid_concordance.txt.gz....
WARNING:root:read 136000000 lines from oclcnum_workid_concordance.txt.gz....
WARNING:root:read 137000000 lines from oclcnum_workid_concordance.txt.gz....
WARNING:root:read 138000000 lines from oclcnum_workid_concordance.txt.gz....
WARNING:root:read 139000000 lines from oclcnum_workid_concordance.txt.gz....
WARNING:root:read 140000000 lines from oclcnum_workid_concordance.txt.gz....
WARNING:root:read 141000000 lines from oclcnum_workid_concordance.txt.gz....
WARNING:root:read 142000000 lines from oclcnum_workid_concordance.txt.gz....
WARNING:root:read 143000000 lines from oclcnum_workid_concordance.txt.gz....
WARNING:root:read 144000000 lines from oclcnum_workid_concordance.txt.gz....
WARNING:root:read 145000000 lines from oclcnum_workid_concordance.txt.gz....
WARNING:root:read 146000000 lines from oclcnum_workid_concordance.txt.gz....
WARNING:root:read 147000000 lines from oclcnum_workid_concordance.txt.gz....
WARNING:root:read 148000000 lines from oclcnum_workid_concordance.txt.gz....
WARNING:root:read 149000000 lines from oclcnum_workid_concordance.txt.gz....
WARNING:root:read 150000000 lines from oclcnum_workid_concordance.txt.gz....
WARNING:root:read 151000000 lines from oclcnum_workid_concordance.txt.gz....
WARNING:root:read 152000000 lines from oclcnum_workid_concordance.txt.gz....
WARNING:root:read 153000000 lines from oclcnum_workid_concordance.txt.gz....
WARNING:root:read 154000000 lines from oclcnum_workid_concordance.txt.gz....
WARNING:root:read 155000000 lines from oclcnum_workid_concordance.txt.gz....
WARNING:root:read 156000000 lines from oclcnum_workid_concordance.txt.gz....
WARNING:root:read 157000000 lines from oclcnum_workid_concordance.txt.gz....
WARNING:root:read 158000000 lines from oclcnum_workid_concordance.txt.gz....
WARNING:root:read 159000000 lines from oclcnum_workid_concordance.txt.gz....
WARNING:root:read 160000000 lines from oclcnum_workid_concordance.txt.gz....
WARNING:root:read 161000000 lines from oclcnum_workid_concordance.txt.gz....
WARNING:root:read 162000000 lines from oclcnum_workid_concordance.txt.gz....
WARNING:root:read 163000000 lines from oclcnum_workid_concordance.txt.gz....
WARNING:root:read 164000000 lines from oclcnum_workid_concordance.txt.gz....
WARNING:root:read 165000000 lines from oclcnum_workid_concordance.txt.gz....
WARNING:root:read 166000000 lines from oclcnum_workid_concordance.txt.gz....
WARNING:root:read 167000000 lines from oclcnum_workid_concordance.txt.gz....
WARNING:root:read 168000000 lines from oclcnum_workid_concordance.txt.gz....
WARNING:root:read 169000000 lines from oclcnum_workid_concordance.txt.gz....
WARNING:root:read 170000000 lines from oclcnum_workid_concordance.txt.gz....
WARNING:root:read 171000000 lines from oclcnum_workid_concordance.txt.gz....
WARNING:root:read 172000000 lines from oclcnum_workid_concordance.txt.gz....
WARNING:root:read 173000000 lines from oclcnum_workid_concordance.txt.gz....
WARNING:root:read 174000000 lines from oclcnum_workid_concordance.txt.gz....
WARNING:root:read 175000000 lines from oclcnum_workid_concordance.txt.gz....
WARNING:root:read 176000000 lines from oclcnum_workid_concordance.txt.gz....
WARNING:root:read 177000000 lines from oclcnum_workid_concordance.txt.gz....
WARNING:root:read 178000000 lines from oclcnum_workid_concordance.txt.gz....
WARNING:root:read 179000000 lines from oclcnum_workid_concordance.txt.gz....
WARNING:root:read 180000000 lines from oclcnum_workid_concordance.txt.gz....
WARNING:root:read 181000000 lines from oclcnum_workid_concordance.txt.gz....
WARNING:root:read 182000000 lines from oclcnum_workid_concordance.txt.gz....
WARNING:root:read 183000000 lines from oclcnum_workid_concordance.txt.gz....
WARNING:root:read 184000000 lines from oclcnum_workid_concordance.txt.gz....
WARNING:root:read 185000000 lines from oclcnum_workid_concordance.txt.gz....
WARNING:root:read 186000000 lines from oclcnum_workid_concordance.txt.gz....
WARNING:root:read 187000000 lines from oclcnum_workid_concordance.txt.gz....
WARNING:root:read 188000000 lines from oclcnum_workid_concordance.txt.gz....
WARNING:root:read 189000000 lines from oclcnum_workid_concordance.txt.gz....
WARNING:root:read 190000000 lines from oclcnum_workid_concordance.txt.gz....
WARNING:root:read 191000000 lines from oclcnum_workid_concordance.txt.gz....
WARNING:root:read 192000000 lines from oclcnum_workid_concordance.txt.gz....
WARNING:root:read 193000000 lines from oclcnum_workid_concordance.txt.gz....
WARNING:root:read 194000000 lines from oclcnum_workid_concordance.txt.gz....
WARNING:root:read 195000000 lines from oclcnum_workid_concordance.txt.gz....
WARNING:root:read 196000000 lines from oclcnum_workid_concordance.txt.gz....
WARNING:root:read 197000000 lines from oclcnum_workid_concordance.txt.gz....
WARNING:root:read 198000000 lines from oclcnum_workid_concordance.txt.gz....
WARNING:root:read 199000000 lines from oclcnum_workid_concordance.txt.gz....
WARNING:root:read 200000000 lines from oclcnum_workid_concordance.txt.gz....
WARNING:root:read 201000000 lines from oclcnum_workid_concordance.txt.gz....
WARNING:root:read 202000000 lines from oclcnum_workid_concordance.txt.gz....
WARNING:root:read 203000000 lines from oclcnum_workid_concordance.txt.gz....
WARNING:root:read 204000000 lines from oclcnum_workid_concordance.txt.gz....
WARNING:root:read 205000000 lines from oclcnum_workid_concordance.txt.gz....
WARNING:root:read 206000000 lines from oclcnum_workid_concordance.txt.gz....
WARNING:root:read 207000000 lines from oclcnum_workid_concordance.txt.gz....
WARNING:root:read 208000000 lines from oclcnum_workid_concordance.txt.gz....
WARNING:root:read 209000000 lines from oclcnum_workid_concordance.txt.gz....
WARNING:root:read 210000000 lines from oclcnum_workid_concordance.txt.gz....
WARNING:root:read 211000000 lines from oclcnum_workid_concordance.txt.gz....
WARNING:root:read 212000000 lines from oclcnum_workid_concordance.txt.gz....
WARNING:root:read 213000000 lines from oclcnum_workid_concordance.txt.gz....
WARNING:root:read 214000000 lines from oclcnum_workid_concordance.txt.gz....
WARNING:root:read 215000000 lines from oclcnum_workid_concordance.txt.gz....
WARNING:root:read 216000000 lines from oclcnum_workid_concordance.txt.gz....
WARNING:root:read 217000000 lines from oclcnum_workid_concordance.txt.gz....
WARNING:root:read 218000000 lines from oclcnum_workid_concordance.txt.gz....
WARNING:root:read 219000000 lines from oclcnum_workid_concordance.txt.gz....
WARNING:root:read 220000000 lines from oclcnum_workid_concordance.txt.gz....
WARNING:root:read 221000000 lines from oclcnum_workid_concordance.txt.gz....
WARNING:root:read 222000000 lines from oclcnum_workid_concordance.txt.gz....
WARNING:root:read 223000000 lines from oclcnum_workid_concordance.txt.gz....
WARNING:root:read 224000000 lines from oclcnum_workid_concordance.txt.gz....
WARNING:root:read 225000000 lines from oclcnum_workid_concordance.txt.gz....
WARNING:root:read 226000000 lines from oclcnum_workid_concordance.txt.gz....
WARNING:root:read 227000000 lines from oclcnum_workid_concordance.txt.gz....
WARNING:root:read 228000000 lines from oclcnum_workid_concordance.txt.gz....
WARNING:root:read 229000000 lines from oclcnum_workid_concordance.txt.gz....
WARNING:root:read 230000000 lines from oclcnum_workid_concordance.txt.gz....
WARNING:root:read 231000000 lines from oclcnum_workid_concordance.txt.gz....
WARNING:root:read 232000000 lines from oclcnum_workid_concordance.txt.gz....
WARNING:root:read 233000000 lines from oclcnum_workid_concordance.txt.gz....
WARNING:root:read 234000000 lines from oclcnum_workid_concordance.txt.gz....
WARNING:root:read 235000000 lines from oclcnum_workid_concordance.txt.gz....
WARNING:root:read 236000000 lines from oclcnum_workid_concordance.txt.gz....
WARNING:root:read 237000000 lines from oclcnum_workid_concordance.txt.gz....
WARNING:root:read 238000000 lines from oclcnum_workid_concordance.txt.gz....
WARNING:root:read 239000000 lines from oclcnum_workid_concordance.txt.gz....
WARNING:root:read 240000000 lines from oclcnum_workid_concordance.txt.gz....
WARNING:root:read 241000000 lines from oclcnum_workid_concordance.txt.gz....
WARNING:root:read 242000000 lines from oclcnum_workid_concordance.txt.gz....
WARNING:root:read 243000000 lines from oclcnum_workid_concordance.txt.gz....
WARNING:root:read 244000000 lines from oclcnum_workid_concordance.txt.gz....
WARNING:root:read 245000000 lines from oclcnum_workid_concordance.txt.gz....
WARNING:root:read 246000000 lines from oclcnum_workid_concordance.txt.gz....
WARNING:root:read 247000000 lines from oclcnum_workid_concordance.txt.gz....
WARNING:root:read 248000000 lines from oclcnum_workid_concordance.txt.gz....
WARNING:root:read 249000000 lines from oclcnum_workid_concordance.txt.gz....
WARNING:root:read 250000000 lines from oclcnum_workid_concordance.txt.gz....
WARNING:root:read 251000000 lines from oclcnum_workid_concordance.txt.gz....
WARNING:root:read 252000000 lines from oclcnum_workid_concordance.txt.gz....
WARNING:root:read 253000000 lines from oclcnum_workid_concordance.txt.gz....
WARNING:root:read 254000000 lines from oclcnum_workid_concordance.txt.gz....
WARNING:root:read 255000000 lines from oclcnum_workid_concordance.txt.gz....
WARNING:root:read 256000000 lines from oclcnum_workid_concordance.txt.gz....
WARNING:root:read 257000000 lines from oclcnum_workid_concordance.txt.gz....
WARNING:root:read 258000000 lines from oclcnum_workid_concordance.txt.gz....
WARNING:root:read 259000000 lines from oclcnum_workid_concordance.txt.gz....
WARNING:root:read 260000000 lines from oclcnum_workid_concordance.txt.gz....
WARNING:root:read 261000000 lines from oclcnum_workid_concordance.txt.gz....
WARNING:root:read 262000000 lines from oclcnum_workid_concordance.txt.gz....
WARNING:root:read 263000000 lines from oclcnum_workid_concordance.txt.gz....
WARNING:root:read 264000000 lines from oclcnum_workid_concordance.txt.gz....
WARNING:root:read 265000000 lines from oclcnum_workid_concordance.txt.gz....
WARNING:root:read 266000000 lines from oclcnum_workid_concordance.txt.gz....
WARNING:root:read 267000000 lines from oclcnum_workid_concordance.txt.gz....
WARNING:root:read 268000000 lines from oclcnum_workid_concordance.txt.gz....
WARNING:root:read 269000000 lines from oclcnum_workid_concordance.txt.gz....
WARNING:root:read 270000000 lines from oclcnum_workid_concordance.txt.gz....
WARNING:root:read 271000000 lines from oclcnum_workid_concordance.txt.gz....
WARNING:root:read 272000000 lines from oclcnum_workid_concordance.txt.gz....
WARNING:root:read 273000000 lines from oclcnum_workid_concordance.txt.gz....
WARNING:root:read 274000000 lines from oclcnum_workid_concordance.txt.gz....
WARNING:root:read 275000000 lines from oclcnum_workid_concordance.txt.gz....
WARNING:root:read 276000000 lines from oclcnum_workid_concordance.txt.gz....
WARNING:root:read 277000000 lines from oclcnum_workid_concordance.txt.gz....
WARNING:root:read 278000000 lines from oclcnum_workid_concordance.txt.gz....
WARNING:root:read 279000000 lines from oclcnum_workid_concordance.txt.gz....
WARNING:root:read 280000000 lines from oclcnum_workid_concordance.txt.gz....
WARNING:root:read 281000000 lines from oclcnum_workid_concordance.txt.gz....
WARNING:root:read 282000000 lines from oclcnum_workid_concordance.txt.gz....
WARNING:root:read 283000000 lines from oclcnum_workid_concordance.txt.gz....
WARNING:root:read 284000000 lines from oclcnum_workid_concordance.txt.gz....
WARNING:root:read 285000000 lines from oclcnum_workid_concordance.txt.gz....
WARNING:root:read 286000000 lines from oclcnum_workid_concordance.txt.gz....
WARNING:root:read 287000000 lines from oclcnum_workid_concordance.txt.gz....
WARNING:root:read 288000000 lines from oclcnum_workid_concordance.txt.gz....
WARNING:root:read 289000000 lines from oclcnum_workid_concordance.txt.gz....
WARNING:root:read 290000000 lines from oclcnum_workid_concordance.txt.gz....
WARNING:root:read 291000000 lines from oclcnum_workid_concordance.txt.gz....
WARNING:root:read 292000000 lines from oclcnum_workid_concordance.txt.gz....
WARNING:root:read 293000000 lines from oclcnum_workid_concordance.txt.gz....
WARNING:root:read 294000000 lines from oclcnum_workid_concordance.txt.gz....
WARNING:root:read 295000000 lines from oclcnum_workid_concordance.txt.gz....
WARNING:root:read 296000000 lines from oclcnum_workid_concordance.txt.gz....
WARNING:root:read 297000000 lines from oclcnum_workid_concordance.txt.gz....
WARNING:root:read 298000000 lines from oclcnum_workid_concordance.txt.gz....
WARNING:root:read 299000000 lines from oclcnum_workid_concordance.txt.gz....
WARNING:root:read 300000000 lines from oclcnum_workid_concordance.txt.gz....
WARNING:root:read 301000000 lines from oclcnum_workid_concordance.txt.gz....
WARNING:root:read 302000000 lines from oclcnum_workid_concordance.txt.gz....
WARNING:root:read 303000000 lines from oclcnum_workid_concordance.txt.gz....
WARNING:root:read 304000000 lines from oclcnum_workid_concordance.txt.gz....
WARNING:root:read 305000000 lines from oclcnum_workid_concordance.txt.gz....
WARNING:root:read 306000000 lines from oclcnum_workid_concordance.txt.gz....
WARNING:root:read 307000000 lines from oclcnum_workid_concordance.txt.gz....
WARNING:root:read 308000000 lines from oclcnum_workid_concordance.txt.gz....
WARNING:root:read 309000000 lines from oclcnum_workid_concordance.txt.gz....
WARNING:root:read 310000000 lines from oclcnum_workid_concordance.txt.gz....
WARNING:root:read 311000000 lines from oclcnum_workid_concordance.txt.gz....
WARNING:root:read 312000000 lines from oclcnum_workid_concordance.txt.gz....
WARNING:root:read 313000000 lines from oclcnum_workid_concordance.txt.gz....
WARNING:root:read 314000000 lines from oclcnum_workid_concordance.txt.gz....
WARNING:root:read 315000000 lines from oclcnum_workid_concordance.txt.gz....
WARNING:root:read 316000000 lines from oclcnum_workid_concordance.txt.gz....
WARNING:root:read 317000000 lines from oclcnum_workid_concordance.txt.gz....
WARNING:root:read 318000000 lines from oclcnum_workid_concordance.txt.gz....
WARNING:root:read 319000000 lines from oclcnum_workid_concordance.txt.gz....
WARNING:root:read 320000000 lines from oclcnum_workid_concordance.txt.gz....
WARNING:root:read 321000000 lines from oclcnum_workid_concordance.txt.gz....
WARNING:root:read 322000000 lines from oclcnum_workid_concordance.txt.gz....
WARNING:root:read 323000000 lines from oclcnum_workid_concordance.txt.gz....
WARNING:root:read 324000000 lines from oclcnum_workid_concordance.txt.gz....
WARNING:root:read 325000000 lines from oclcnum_workid_concordance.txt.gz....
WARNING:root:read 326000000 lines from oclcnum_workid_concordance.txt.gz....
WARNING:root:read 327000000 lines from oclcnum_workid_concordance.txt.gz....
WARNING:root:read 328000000 lines from oclcnum_workid_concordance.txt.gz....
WARNING:root:read 329000000 lines from oclcnum_workid_concordance.txt.gz....
WARNING:root:read 330000000 lines from oclcnum_workid_concordance.txt.gz....
WARNING:root:read 331000000 lines from oclcnum_workid_concordance.txt.gz....
WARNING:root:read 332000000 lines from oclcnum_workid_concordance.txt.gz....
WARNING:root:read 333000000 lines from oclcnum_workid_concordance.txt.gz....
WARNING:root:read 334000000 lines from oclcnum_workid_concordance.txt.gz....
WARNING:root:read 335000000 lines from oclcnum_workid_concordance.txt.gz....
WARNING:root:read 336000000 lines from oclcnum_workid_concordance.txt.gz....
WARNING:root:read 337000000 lines from oclcnum_workid_concordance.txt.gz....
WARNING:root:read 338000000 lines from oclcnum_workid_concordance.txt.gz....
WARNING:root:read 339000000 lines from oclcnum_workid_concordance.txt.gz....
WARNING:root:read 340000000 lines from oclcnum_workid_concordance.txt.gz....
WARNING:root:read 341000000 lines from oclcnum_workid_concordance.txt.gz....
WARNING:root:read 342000000 lines from oclcnum_workid_concordance.txt.gz....
WARNING:root:read 343000000 lines from oclcnum_workid_concordance.txt.gz....
WARNING:root:read 343661766 lines from oclcnum_workid_concordance.txt.gz. 6724555 matches in col1, 2907113 in col2
WARNING:root:ignored 115170 lines that have workid=NONE
WARNING:root:FINISHED at 2014-09-28 15:56:58.009125
